2020-09-15 13:24:17：暂停 pm2 失败！
2020-09-15 13:24:17：项目克隆成功！
2020-09-15 13:24:17：依赖成功！
2020-09-15 13:24:17：打包成功！
2020-09-15 13:24:17：项目部署成功！
2020-09-15 13:24:17：package.json文件复制成功！
2020-09-15 13:24:17：项目pull成功！
2020-09-15 13:24:17：文件读取成功！in
2020-09-15 13:24:17：暂停 pm2 nuxt(18) 成功！
2020-09-15 13:24:17：项目删除成功！
2020-09-15 13:24:17：项目克隆成功！
2020-09-15 13:24:17：依赖成功！
2020-09-15 13:24:17：打包成功！
2020-09-15 13:24:17：项目部署成功！
2020-09-15 13:24:17：package.json文件复制成功！
2020-09-15 13:33:57：文件读取成功！in
2020-09-15 13:45:10：项目pull成功！
2020-09-15 13:45:10：暂停 pm2 nuxt(18) 成功！
2020-09-15 13:45:10：打包成功！
2020-09-15 13:45:10：项目部署成功！
2020-09-15 13:45:10：package.json文件复制成功！
